<?xml version="1.0" encoding="UTF-8"?>
<testsuite name="Test.controller.UserDataTest" tests="6" skipped="0" failures="0" errors="0" timestamp="2021-01-13T20:41:52" hostname="LAPTOP-HQSL2QTD" time="4.523">
  <properties/>
  <testcase name="addUser()" classname="Test.controller.UserDataTest" time="3.125"/>
  <testcase name="getUserByEmail()" classname="Test.controller.UserDataTest" time="0.014"/>
  <testcase name="updateUser()" classname="Test.controller.UserDataTest" time="0.013"/>
  <testcase name="loginAndHashingTest()" classname="Test.controller.UserDataTest" time="0.013"/>
  <testcase name="getUserFromToken()" classname="Test.controller.UserDataTest" time="1.346"/>
  <testcase name="getUserByID()" classname="Test.controller.UserDataTest" time="0.009"/>
  <system-out><![CDATA[jdbc:h2:mem:~/test


conn2: url=jdbc:h2:mem:~/test user=
jdbc:h2:mem:~/test


conn5: url=jdbc:h2:mem:~/test user=
jdbc:h2:mem:~/test


conn8: url=jdbc:h2:mem:~/test user=
jdbc:h2:mem:~/test


conn11: url=jdbc:h2:mem:~/test user=
jdbc:h2:mem:~/test


conn14: url=jdbc:h2:mem:~/test user=
jdbc:h2:mem:~/test


conn17: url=jdbc:h2:mem:~/test user=
]]></system-out>
  <system-err><![CDATA[]]></system-err>
</testsuite>
