<?xml version="1.0" encoding="UTF-8"?>
<testsuite name="Test.controller.LikeDataTest" tests="3" skipped="0" failures="0" errors="0" timestamp="2021-01-11T15:17:44" hostname="LAPTOP-HQSL2QTD" time="0.037">
  <properties/>
  <testcase name="likebook()" classname="Test.controller.LikeDataTest" time="0.031"/>
  <testcase name="deleteBook()" classname="Test.controller.LikeDataTest" time="0.003"/>
  <testcase name="getLikedBooksByUser()" classname="Test.controller.LikeDataTest" time="0.002"/>
  <system-out><![CDATA[]]></system-out>
  <system-err><![CDATA[]]></system-err>
</testsuite>
