<?xml version="1.0" encoding="UTF-8"?>
<testsuite name="Test.model.BookTest" tests="12" skipped="0" failures="0" errors="0" timestamp="2021-01-12T21:50:48" hostname="LAPTOP-HQSL2QTD" time="0.018">
  <properties/>
  <testcase name="getBookImageWithNullValue()" classname="Test.model.BookTest" time="0.008"/>
  <testcase name="NewBook1Test()" classname="Test.model.BookTest" time="0.001"/>
  <testcase name="getBookTimeWithNullValue()" classname="Test.model.BookTest" time="0.0"/>
  <testcase name="getBookDescWithEmptyValue()" classname="Test.model.BookTest" time="0.0"/>
  <testcase name="getBookNameWithNullValue()" classname="Test.model.BookTest" time="0.0"/>
  <testcase name="getBookIdWithZeroValue()" classname="Test.model.BookTest" time="0.0"/>
  <testcase name="getBookTypeWithNullValue()" classname="Test.model.BookTest" time="0.0"/>
  <testcase name="getAuthorNameWithNullValue()" classname="Test.model.BookTest" time="0.0"/>
  <testcase name="NewBookTest()" classname="Test.model.BookTest" time="0.001"/>
  <testcase name="getBookLanguageWithNullValue()" classname="Test.model.BookTest" time="0.001"/>
  <testcase name="getAuthorNameWithEmptyValue()" classname="Test.model.BookTest" time="0.0"/>
  <testcase name="getBookNameWithEmptyValue()" classname="Test.model.BookTest" time="0.001"/>
  <system-out><![CDATA[]]></system-out>
  <system-err><![CDATA[]]></system-err>
</testsuite>
