<?xml version="1.0" encoding="UTF-8"?>
<testsuite name="Test.controller.LikeDataTest" tests="3" skipped="0" failures="0" errors="0" timestamp="2021-01-12T15:43:12" hostname="LAPTOP-HQSL2QTD" time="0.059">
  <properties/>
  <testcase name="likebook()" classname="Test.controller.LikeDataTest" time="0.046"/>
  <testcase name="deleteBook()" classname="Test.controller.LikeDataTest" time="0.006"/>
  <testcase name="getLikedBooksByUser()" classname="Test.controller.LikeDataTest" time="0.004"/>
  <system-out><![CDATA[]]></system-out>
  <system-err><![CDATA[]]></system-err>
</testsuite>
