<?xml version="1.0" encoding="UTF-8"?>
<testsuite name="Test.controller.LikeDataTest" tests="3" skipped="0" failures="0" errors="0" timestamp="2021-01-13T08:59:13" hostname="LAPTOP-HQSL2QTD" time="0.144">
  <properties/>
  <testcase name="likebook()" classname="Test.controller.LikeDataTest" time="0.124"/>
  <testcase name="deleteBook()" classname="Test.controller.LikeDataTest" time="0.011"/>
  <testcase name="getLikedBooksByUser()" classname="Test.controller.LikeDataTest" time="0.005"/>
  <system-out><![CDATA[]]></system-out>
  <system-err><![CDATA[]]></system-err>
</testsuite>
