<?xml version="1.0" encoding="UTF-8"?>
<testsuite name="Test.model.UsersTest" tests="13" skipped="0" failures="0" errors="0" timestamp="2021-01-13T20:41:57" hostname="LAPTOP-HQSL2QTD" time="0.011">
  <properties/>
  <testcase name="NewUserTest()" classname="Test.model.UsersTest" time="0.001"/>
  <testcase name="getUserLastNameWithNullValue()" classname="Test.model.UsersTest" time="0.0"/>
  <testcase name="getUserFirstNameWithNullValue()" classname="Test.model.UsersTest" time="0.0"/>
  <testcase name="getUserTypeWithNullValue()" classname="Test.model.UsersTest" time="0.001"/>
  <testcase name="getUserLastNameWithEmptyValue()" classname="Test.model.UsersTest" time="0.0"/>
  <testcase name="getUserDateBirthWithEmptyValue()" classname="Test.model.UsersTest" time="0.0"/>
  <testcase name="getUserFirstNameWithEmptyValue()" classname="Test.model.UsersTest" time="0.0"/>
  <testcase name="getUserDateBirthWithNullValue()" classname="Test.model.UsersTest" time="0.0"/>
  <testcase name="getUserPasswordWithEmptyValue()" classname="Test.model.UsersTest" time="0.0"/>
  <testcase name="getUserEmailWithNullValue()" classname="Test.model.UsersTest" time="0.001"/>
  <testcase name="getUserIdWithZeroValue()" classname="Test.model.UsersTest" time="0.001"/>
  <testcase name="getUserEmailWithEmptyValue()" classname="Test.model.UsersTest" time="0.0"/>
  <testcase name="getUserPasswordWithNullValue()" classname="Test.model.UsersTest" time="0.0"/>
  <system-out><![CDATA[]]></system-out>
  <system-err><![CDATA[]]></system-err>
</testsuite>
