<?xml version="1.0" encoding="UTF-8"?>
<testsuite name="Test.controller.StatisticsDataTest" tests="2" skipped="0" failures="0" errors="0" timestamp="2021-01-11T18:49:10" hostname="LAPTOP-HQSL2QTD" time="0.04">
  <properties/>
  <testcase name="ShowStaisticsPerType()" classname="Test.controller.StatisticsDataTest" time="0.037"/>
  <testcase name="ShowStatisticsPerLanguage()" classname="Test.controller.StatisticsDataTest" time="0.003"/>
  <system-out><![CDATA[total controller= [Statistics{label='DetectiveandMystery', y=4}]
total controller= [StatisticsLanguage{name='FR', y=4}]
]]></system-out>
  <system-err><![CDATA[]]></system-err>
</testsuite>
