<?xml version="1.0" encoding="UTF-8"?>
<testsuite name="Test.controller.UserDataTest" tests="6" skipped="0" failures="0" errors="0" timestamp="2021-01-12T15:43:12" hostname="LAPTOP-HQSL2QTD" time="1.18">
  <properties/>
  <testcase name="addUser()" classname="Test.controller.UserDataTest" time="0.464"/>
  <testcase name="getUserByEmail()" classname="Test.controller.UserDataTest" time="0.009"/>
  <testcase name="updateUser()" classname="Test.controller.UserDataTest" time="0.012"/>
  <testcase name="loginAndHashingTest()" classname="Test.controller.UserDataTest" time="0.011"/>
  <testcase name="getUserFromToken()" classname="Test.controller.UserDataTest" time="0.673"/>
  <testcase name="getUserByID()" classname="Test.controller.UserDataTest" time="0.008"/>
  <system-out><![CDATA[jdbc:h2:mem:~/test


conn2: url=jdbc:h2:mem:~/test user=
jdbc:h2:mem:~/test


conn5: url=jdbc:h2:mem:~/test user=
jdbc:h2:mem:~/test


conn8: url=jdbc:h2:mem:~/test user=
jdbc:h2:mem:~/test


conn11: url=jdbc:h2:mem:~/test user=
jdbc:h2:mem:~/test


conn14: url=jdbc:h2:mem:~/test user=
jdbc:h2:mem:~/test


conn17: url=jdbc:h2:mem:~/test user=
]]></system-out>
  <system-err><![CDATA[]]></system-err>
</testsuite>
