<?xml version="1.0" encoding="UTF-8"?>
<testsuite name="Test.controller.LanguageDataTest" tests="2" skipped="0" failures="0" errors="0" timestamp="2021-01-13T08:59:13" hostname="LAPTOP-HQSL2QTD" time="0.093">
  <properties/>
  <testcase name="getLanguageByCode()" classname="Test.controller.LanguageDataTest" time="0.075"/>
  <testcase name="showAllLanguages()" classname="Test.controller.LanguageDataTest" time="0.009"/>
  <system-out><![CDATA[]]></system-out>
  <system-err><![CDATA[]]></system-err>
</testsuite>
