<?xml version="1.0" encoding="UTF-8"?>
<testsuite name="Test.model.LikeTest" tests="4" skipped="0" failures="0" errors="0" timestamp="2021-01-13T08:59:18" hostname="LAPTOP-HQSL2QTD" time="0.013">
  <properties/>
  <testcase name="getLikeIdWithZeroValue()" classname="Test.model.LikeTest" time="0.001"/>
  <testcase name="getBookIdWithZeroValue()" classname="Test.model.LikeTest" time="0.001"/>
  <testcase name="NewLikeTest()" classname="Test.model.LikeTest" time="0.003"/>
  <testcase name="getUserIdWithZeroValue()" classname="Test.model.LikeTest" time="0.001"/>
  <system-out><![CDATA[]]></system-out>
  <system-err><![CDATA[]]></system-err>
</testsuite>
