<?xml version="1.0" encoding="UTF-8"?>
<testsuite name="Test.controller.LanguageDataTest" tests="2" skipped="0" failures="0" errors="0" timestamp="2021-01-13T09:15:16" hostname="LAPTOP-HQSL2QTD" time="0.029">
  <properties/>
  <testcase name="getLanguageByCode()" classname="Test.controller.LanguageDataTest" time="0.026"/>
  <testcase name="showAllLanguages()" classname="Test.controller.LanguageDataTest" time="0.002"/>
  <system-out><![CDATA[]]></system-out>
  <system-err><![CDATA[]]></system-err>
</testsuite>
