<?xml version="1.0" encoding="UTF-8"?>
<testsuite name="Test.model.StatisticsLanguageTest" tests="4" skipped="0" failures="0" errors="0" timestamp="2021-01-13T09:15:17" hostname="LAPTOP-HQSL2QTD" time="0.003">
  <properties/>
  <testcase name="NewLanguageStaticTest()" classname="Test.model.StatisticsLanguageTest" time="0.001"/>
  <testcase name="getStaticNameWithEmptyValue()" classname="Test.model.StatisticsLanguageTest" time="0.001"/>
  <testcase name="getStaticYWithZeroValue()" classname="Test.model.StatisticsLanguageTest" time="0.001"/>
  <testcase name="getStaticNameWithNullValue()" classname="Test.model.StatisticsLanguageTest" time="0.0"/>
  <system-out><![CDATA[]]></system-out>
  <system-err><![CDATA[]]></system-err>
</testsuite>
