<?xml version="1.0" encoding="UTF-8"?>
<testsuite name="Test.controller.BookDataTest" tests="9" skipped="0" failures="0" errors="0" timestamp="2021-01-13T08:59:10" hostname="LAPTOP-HQSL2QTD" time="3.066">
  <properties/>
  <testcase name="GetBooksByID()" classname="Test.controller.BookDataTest" time="2.951"/>
  <testcase name="addBook()" classname="Test.controller.BookDataTest" time="0.02"/>
  <testcase name="GetBooksByLanguage()" classname="Test.controller.BookDataTest" time="0.005"/>
  <testcase name="GetBooksByTypeAndLanguage()" classname="Test.controller.BookDataTest" time="0.004"/>
  <testcase name="updateBook()" classname="Test.controller.BookDataTest" time="0.004"/>
  <testcase name="ShowAllBooks()" classname="Test.controller.BookDataTest" time="0.006"/>
  <testcase name="deleteBook()" classname="Test.controller.BookDataTest" time="0.05"/>
  <testcase name="GetBooksByName()" classname="Test.controller.BookDataTest" time="0.011"/>
  <testcase name="GetBooksByType()" classname="Test.controller.BookDataTest" time="0.004"/>
  <system-out><![CDATA[in book controller
isdeleted
]]></system-out>
  <system-err><![CDATA[]]></system-err>
</testsuite>
