<?xml version="1.0" encoding="UTF-8"?>
<testsuite name="Test.model.StatisticsTypeTest" tests="4" skipped="0" failures="0" errors="0" timestamp="2021-01-13T08:59:18" hostname="LAPTOP-HQSL2QTD" time="0.028">
  <properties/>
  <testcase name="NewTypeStaticTest()" classname="Test.model.StatisticsTypeTest" time="0.009"/>
  <testcase name="getStaticNameWithEmptyValue()" classname="Test.model.StatisticsTypeTest" time="0.001"/>
  <testcase name="getStaticYWithZeroValue()" classname="Test.model.StatisticsTypeTest" time="0.004"/>
  <testcase name="getStaticNameWithNullValue()" classname="Test.model.StatisticsTypeTest" time="0.001"/>
  <system-out><![CDATA[]]></system-out>
  <system-err><![CDATA[]]></system-err>
</testsuite>
