<?xml version="1.0" encoding="UTF-8"?>
<testsuite name="Test.controller.StatisticsDataTest" tests="2" skipped="0" failures="0" errors="0" timestamp="2021-01-12T21:50:47" hostname="LAPTOP-HQSL2QTD" time="0.03">
  <properties/>
  <testcase name="ShowStaisticsPerType()" classname="Test.controller.StatisticsDataTest" time="0.028"/>
  <testcase name="ShowStatisticsPerLanguage()" classname="Test.controller.StatisticsDataTest" time="0.002"/>
  <system-out><![CDATA[]]></system-out>
  <system-err><![CDATA[]]></system-err>
</testsuite>
