<?xml version="1.0" encoding="UTF-8"?>
<testsuite name="Test.model.StatisticsLanguageTest" tests="3" skipped="0" failures="0" errors="0" timestamp="2021-01-12T15:43:13" hostname="LAPTOP-HQSL2QTD" time="0.011">
  <properties/>
  <testcase name="NewLanguageStaticTest()" classname="Test.model.StatisticsLanguageTest" time="0.002"/>
  <testcase name="getStaticNameWithEmptyValue()" classname="Test.model.StatisticsLanguageTest" time="0.0"/>
  <testcase name="getStaticNameWithNullValue()" classname="Test.model.StatisticsLanguageTest" time="0.0"/>
  <system-out><![CDATA[]]></system-out>
  <system-err><![CDATA[]]></system-err>
</testsuite>
