<?xml version="1.0" encoding="UTF-8"?>
<testsuite name="Test.controller.StatisticsDataTest" tests="2" skipped="0" failures="0" errors="0" timestamp="2021-01-14T13:12:20" hostname="LAPTOP-HQSL2QTD" time="0.061">
  <properties/>
  <testcase name="ShowStaisticsPerType()" classname="Test.controller.StatisticsDataTest" time="0.057"/>
  <testcase name="ShowStatisticsPerLanguage()" classname="Test.controller.StatisticsDataTest" time="0.003"/>
  <system-out><![CDATA[]]></system-out>
  <system-err><![CDATA[]]></system-err>
</testsuite>
