<?xml version="1.0" encoding="UTF-8"?>
<testsuite name="Test.controller.StatisticsDataTest" tests="2" skipped="0" failures="0" errors="0" timestamp="2021-01-13T20:41:57" hostname="LAPTOP-HQSL2QTD" time="0.041">
  <properties/>
  <testcase name="ShowStaisticsPerType()" classname="Test.controller.StatisticsDataTest" time="0.037"/>
  <testcase name="ShowStatisticsPerLanguage()" classname="Test.controller.StatisticsDataTest" time="0.003"/>
  <system-out><![CDATA[]]></system-out>
  <system-err><![CDATA[]]></system-err>
</testsuite>
