<?xml version="1.0" encoding="UTF-8"?>
<testsuite name="Test.controller.BookDataTest" tests="8" skipped="0" failures="0" errors="0" timestamp="2021-01-11T16:10:29" hostname="LAPTOP-HQSL2QTD" time="4.215">
  <properties/>
  <testcase name="addBook()" classname="Test.controller.BookDataTest" time="4.044"/>
  <testcase name="GetBooksByLanguage()" classname="Test.controller.BookDataTest" time="0.072"/>
  <testcase name="GetBooksByTypeAndLanguage()" classname="Test.controller.BookDataTest" time="0.006"/>
  <testcase name="updateBook()" classname="Test.controller.BookDataTest" time="0.007"/>
  <testcase name="ShowAllBooks()" classname="Test.controller.BookDataTest" time="0.005"/>
  <testcase name="deleteBook()" classname="Test.controller.BookDataTest" time="0.048"/>
  <testcase name="GetBooksByName()" classname="Test.controller.BookDataTest" time="0.008"/>
  <testcase name="GetBooksByType()" classname="Test.controller.BookDataTest" time="0.008"/>
  <system-out><![CDATA[in book controller
isdeleted
]]></system-out>
  <system-err><![CDATA[]]></system-err>
</testsuite>
