<?xml version="1.0" encoding="UTF-8"?>
<testsuite name="Test.model.LanguageTest" tests="5" skipped="0" failures="0" errors="0" timestamp="2021-01-12T21:20:36" hostname="LAPTOP-HQSL2QTD" time="0.005">
  <properties/>
  <testcase name="getLanguageCodeWithNullValue()" classname="Test.model.LanguageTest" time="0.0"/>
  <testcase name="getLanguageNameWithEmptyValue()" classname="Test.model.LanguageTest" time="0.0"/>
  <testcase name="getLanguageCodeWithEmptyValue()" classname="Test.model.LanguageTest" time="0.0"/>
  <testcase name="NewLanguageTest()" classname="Test.model.LanguageTest" time="0.0"/>
  <testcase name="getLanguageNameWithNullValue()" classname="Test.model.LanguageTest" time="0.001"/>
  <system-out><![CDATA[]]></system-out>
  <system-err><![CDATA[]]></system-err>
</testsuite>
